<?xml version="1.0" encoding="UTF-8"?>
<Site BuildName="Linux-g++"
	BuildStamp="20220420-0809-Experimental"
	Name="fet-HP-ProBook"
	Generator="ctest-3.16.3"
	CompilerName="/usr/bin/g++"
	CompilerVersion="9.4.0"
	OSName="Linux"
	Hostname="fet-HP-ProBook"
	OSRelease="5.13.0-39-generic"
	OSVersion="#44~20.04.1-Ubuntu SMP Thu Mar 24 16:43:35 UTC 2022"
	OSPlatform="x86_64"
	Is64Bits="1"
	VendorString="AuthenticAMD"
	VendorID="Advanced Micro Devices"
	FamilyID="21"
	ModelID="16"
	ProcessorCacheSize="1024"
	NumberOfLogicalCPU="2"
	NumberOfPhysicalCPU="1"
	TotalVirtualMemory="2047"
	TotalPhysicalMemory="7142"
	LogicalProcessorsPerPhysical="2"
	ProcessorClockFrequency="2345.26"
	>
	<Testing>
		<StartDateTime>Apr 20 10:09 CEST</StartDateTime>
		<StartTestTime>1650442195</StartTestTime>
		<TestList/>
		<EndDateTime>Apr 20 10:09 CEST</EndDateTime>
		<EndTestTime>1650442195</EndTestTime>
		<ElapsedMinutes>0</ElapsedMinutes>
	</Testing>
</Site>
